[2019-10-17 01:24:22,452] {taskinstance.py:616} INFO - Dependencies all met for <TaskInstance: dag_cluster.Done 2018-01-02T00:00:00+00:00 [queued]>
[2019-10-17 01:24:22,482] {taskinstance.py:616} INFO - Dependencies all met for <TaskInstance: dag_cluster.Done 2018-01-02T00:00:00+00:00 [queued]>
[2019-10-17 01:24:22,483] {taskinstance.py:834} INFO - 
--------------------------------------------------------------------------------
[2019-10-17 01:24:22,483] {taskinstance.py:835} INFO - Starting attempt 1 of 1
[2019-10-17 01:24:22,484] {taskinstance.py:836} INFO - 
--------------------------------------------------------------------------------
[2019-10-17 01:24:22,523] {taskinstance.py:855} INFO - Executing <Task(DummyOperator): Done> on 2018-01-02T00:00:00+00:00
[2019-10-17 01:24:22,524] {base_task_runner.py:133} INFO - Running: ['airflow', 'run', 'dag_cluster', 'Done', '2018-01-02T00:00:00+00:00', '--job_id', '7', '--pool', 'default_pool', '--raw', '-sd', 'DAGS_FOLDER/cluster_dag.py', '--cfg_path', '/tmp/tmpbun14k4k']
[2019-10-17 01:24:24,324] {base_task_runner.py:115} INFO - Job 7: Subtask Done [2019-10-17 01:24:24,320] {plugins_manager.py:148} ERROR - No module named 'operators'
[2019-10-17 01:24:24,325] {base_task_runner.py:115} INFO - Job 7: Subtask Done Traceback (most recent call last):
[2019-10-17 01:24:24,325] {base_task_runner.py:115} INFO - Job 7: Subtask Done   File "/usr/local/lib/python3.7/site-packages/airflow/plugins_manager.py", line 142, in <module>
[2019-10-17 01:24:24,326] {base_task_runner.py:115} INFO - Job 7: Subtask Done     m = imp.load_source(namespace, filepath)
[2019-10-17 01:24:24,335] {base_task_runner.py:115} INFO - Job 7: Subtask Done   File "/usr/local/lib/python3.7/imp.py", line 171, in load_source
[2019-10-17 01:24:24,336] {base_task_runner.py:115} INFO - Job 7: Subtask Done     module = _load(spec)
[2019-10-17 01:24:24,337] {base_task_runner.py:115} INFO - Job 7: Subtask Done   File "<frozen importlib._bootstrap>", line 696, in _load
[2019-10-17 01:24:24,338] {base_task_runner.py:115} INFO - Job 7: Subtask Done   File "<frozen importlib._bootstrap>", line 677, in _load_unlocked
[2019-10-17 01:24:24,339] {base_task_runner.py:115} INFO - Job 7: Subtask Done   File "<frozen importlib._bootstrap_external>", line 728, in exec_module
[2019-10-17 01:24:24,340] {base_task_runner.py:115} INFO - Job 7: Subtask Done   File "<frozen importlib._bootstrap>", line 219, in _call_with_frames_removed
[2019-10-17 01:24:24,341] {base_task_runner.py:115} INFO - Job 7: Subtask Done   File "/usr/local/airflow/plugins/__init__.py", line 3, in <module>
[2019-10-17 01:24:24,341] {base_task_runner.py:115} INFO - Job 7: Subtask Done     import operators
[2019-10-17 01:24:24,342] {base_task_runner.py:115} INFO - Job 7: Subtask Done ModuleNotFoundError: No module named 'operators'
[2019-10-17 01:24:24,343] {base_task_runner.py:115} INFO - Job 7: Subtask Done [2019-10-17 01:24:24,324] {plugins_manager.py:149} ERROR - Failed to import plugin /usr/local/airflow/plugins/__init__.py
[2019-10-17 01:24:24,386] {base_task_runner.py:115} INFO - Job 7: Subtask Done [2019-10-17 01:24:24,378] {plugins_manager.py:148} ERROR - No module named 'botocore'
[2019-10-17 01:24:24,387] {base_task_runner.py:115} INFO - Job 7: Subtask Done Traceback (most recent call last):
[2019-10-17 01:24:24,387] {base_task_runner.py:115} INFO - Job 7: Subtask Done   File "/usr/local/lib/python3.7/site-packages/airflow/plugins_manager.py", line 142, in <module>
[2019-10-17 01:24:24,388] {base_task_runner.py:115} INFO - Job 7: Subtask Done     m = imp.load_source(namespace, filepath)
[2019-10-17 01:24:24,389] {base_task_runner.py:115} INFO - Job 7: Subtask Done   File "/usr/local/lib/python3.7/imp.py", line 171, in load_source
[2019-10-17 01:24:24,389] {base_task_runner.py:115} INFO - Job 7: Subtask Done     module = _load(spec)
[2019-10-17 01:24:24,390] {base_task_runner.py:115} INFO - Job 7: Subtask Done   File "<frozen importlib._bootstrap>", line 696, in _load
[2019-10-17 01:24:24,391] {base_task_runner.py:115} INFO - Job 7: Subtask Done   File "<frozen importlib._bootstrap>", line 677, in _load_unlocked
[2019-10-17 01:24:24,391] {base_task_runner.py:115} INFO - Job 7: Subtask Done   File "<frozen importlib._bootstrap_external>", line 728, in exec_module
[2019-10-17 01:24:24,392] {base_task_runner.py:115} INFO - Job 7: Subtask Done   File "<frozen importlib._bootstrap>", line 219, in _call_with_frames_removed
[2019-10-17 01:24:24,393] {base_task_runner.py:115} INFO - Job 7: Subtask Done   File "/usr/local/airflow/plugins/custom_operator.py", line 8, in <module>
[2019-10-17 01:24:24,393] {base_task_runner.py:115} INFO - Job 7: Subtask Done     from airflow.hooks.S3_hook import S3Hook
[2019-10-17 01:24:24,394] {base_task_runner.py:115} INFO - Job 7: Subtask Done   File "/usr/local/lib/python3.7/site-packages/airflow/hooks/S3_hook.py", line 19, in <module>
[2019-10-17 01:24:24,395] {base_task_runner.py:115} INFO - Job 7: Subtask Done     from botocore.exceptions import ClientError
[2019-10-17 01:24:24,399] {base_task_runner.py:115} INFO - Job 7: Subtask Done ModuleNotFoundError: No module named 'botocore'
[2019-10-17 01:24:24,400] {base_task_runner.py:115} INFO - Job 7: Subtask Done [2019-10-17 01:24:24,386] {plugins_manager.py:149} ERROR - Failed to import plugin /usr/local/airflow/plugins/custom_operator.py
[2019-10-17 01:24:24,422] {base_task_runner.py:115} INFO - Job 7: Subtask Done [2019-10-17 01:24:24,422] {__init__.py:51} INFO - Using executor SequentialExecutor
[2019-10-17 01:24:24,969] {base_task_runner.py:115} INFO - Job 7: Subtask Done [2019-10-17 01:24:24,968] {dagbag.py:90} INFO - Filling up the DagBag from /usr/local/airflow/dags/cluster_dag.py
[2019-10-17 01:24:25,060] {base_task_runner.py:115} INFO - Job 7: Subtask Done [2019-10-17 01:24:25,059] {cli.py:516} INFO - Running <TaskInstance: dag_cluster.Done 2018-01-02T00:00:00+00:00 [running]> on host 614b7d808020
[2019-10-17 01:24:27,423] {logging_mixin.py:95} INFO - [[34m2019-10-17 01:24:27,422[0m] {[34mlocal_task_job.py:[0m105} INFO[0m - Task exited with return code 0[0m
