[2019-10-17 01:24:13,383] {taskinstance.py:616} INFO - Dependencies all met for <TaskInstance: dag_cluster.Done 2018-01-01T00:00:00+00:00 [queued]>
[2019-10-17 01:24:13,416] {taskinstance.py:616} INFO - Dependencies all met for <TaskInstance: dag_cluster.Done 2018-01-01T00:00:00+00:00 [queued]>
[2019-10-17 01:24:13,416] {taskinstance.py:834} INFO - 
--------------------------------------------------------------------------------
[2019-10-17 01:24:13,417] {taskinstance.py:835} INFO - Starting attempt 1 of 1
[2019-10-17 01:24:13,417] {taskinstance.py:836} INFO - 
--------------------------------------------------------------------------------
[2019-10-17 01:24:13,458] {taskinstance.py:855} INFO - Executing <Task(DummyOperator): Done> on 2018-01-01T00:00:00+00:00
[2019-10-17 01:24:13,459] {base_task_runner.py:133} INFO - Running: ['airflow', 'run', 'dag_cluster', 'Done', '2018-01-01T00:00:00+00:00', '--job_id', '6', '--pool', 'default_pool', '--raw', '-sd', 'DAGS_FOLDER/cluster_dag.py', '--cfg_path', '/tmp/tmpb4b0x1ai']
[2019-10-17 01:24:14,468] {base_task_runner.py:115} INFO - Job 6: Subtask Done [2019-10-17 01:24:14,465] {plugins_manager.py:148} ERROR - No module named 'operators'
[2019-10-17 01:24:14,469] {base_task_runner.py:115} INFO - Job 6: Subtask Done Traceback (most recent call last):
[2019-10-17 01:24:14,470] {base_task_runner.py:115} INFO - Job 6: Subtask Done   File "/usr/local/lib/python3.7/site-packages/airflow/plugins_manager.py", line 142, in <module>
[2019-10-17 01:24:14,470] {base_task_runner.py:115} INFO - Job 6: Subtask Done     m = imp.load_source(namespace, filepath)
[2019-10-17 01:24:14,471] {base_task_runner.py:115} INFO - Job 6: Subtask Done   File "/usr/local/lib/python3.7/imp.py", line 171, in load_source
[2019-10-17 01:24:14,471] {base_task_runner.py:115} INFO - Job 6: Subtask Done     module = _load(spec)
[2019-10-17 01:24:14,472] {base_task_runner.py:115} INFO - Job 6: Subtask Done   File "<frozen importlib._bootstrap>", line 696, in _load
[2019-10-17 01:24:14,472] {base_task_runner.py:115} INFO - Job 6: Subtask Done   File "<frozen importlib._bootstrap>", line 677, in _load_unlocked
[2019-10-17 01:24:14,473] {base_task_runner.py:115} INFO - Job 6: Subtask Done   File "<frozen importlib._bootstrap_external>", line 728, in exec_module
[2019-10-17 01:24:14,473] {base_task_runner.py:115} INFO - Job 6: Subtask Done   File "<frozen importlib._bootstrap>", line 219, in _call_with_frames_removed
[2019-10-17 01:24:14,474] {base_task_runner.py:115} INFO - Job 6: Subtask Done   File "/usr/local/airflow/plugins/__init__.py", line 3, in <module>
[2019-10-17 01:24:14,474] {base_task_runner.py:115} INFO - Job 6: Subtask Done     import operators
[2019-10-17 01:24:14,475] {base_task_runner.py:115} INFO - Job 6: Subtask Done ModuleNotFoundError: No module named 'operators'
[2019-10-17 01:24:14,476] {base_task_runner.py:115} INFO - Job 6: Subtask Done [2019-10-17 01:24:14,468] {plugins_manager.py:149} ERROR - Failed to import plugin /usr/local/airflow/plugins/__init__.py
[2019-10-17 01:24:14,505] {base_task_runner.py:115} INFO - Job 6: Subtask Done [2019-10-17 01:24:14,501] {plugins_manager.py:148} ERROR - No module named 'botocore'
[2019-10-17 01:24:14,506] {base_task_runner.py:115} INFO - Job 6: Subtask Done Traceback (most recent call last):
[2019-10-17 01:24:14,506] {base_task_runner.py:115} INFO - Job 6: Subtask Done   File "/usr/local/lib/python3.7/site-packages/airflow/plugins_manager.py", line 142, in <module>
[2019-10-17 01:24:14,507] {base_task_runner.py:115} INFO - Job 6: Subtask Done     m = imp.load_source(namespace, filepath)
[2019-10-17 01:24:14,507] {base_task_runner.py:115} INFO - Job 6: Subtask Done   File "/usr/local/lib/python3.7/imp.py", line 171, in load_source
[2019-10-17 01:24:14,508] {base_task_runner.py:115} INFO - Job 6: Subtask Done     module = _load(spec)
[2019-10-17 01:24:14,508] {base_task_runner.py:115} INFO - Job 6: Subtask Done   File "<frozen importlib._bootstrap>", line 696, in _load
[2019-10-17 01:24:14,509] {base_task_runner.py:115} INFO - Job 6: Subtask Done   File "<frozen importlib._bootstrap>", line 677, in _load_unlocked
[2019-10-17 01:24:14,510] {base_task_runner.py:115} INFO - Job 6: Subtask Done   File "<frozen importlib._bootstrap_external>", line 728, in exec_module
[2019-10-17 01:24:14,510] {base_task_runner.py:115} INFO - Job 6: Subtask Done   File "<frozen importlib._bootstrap>", line 219, in _call_with_frames_removed
[2019-10-17 01:24:14,510] {base_task_runner.py:115} INFO - Job 6: Subtask Done   File "/usr/local/airflow/plugins/custom_operator.py", line 8, in <module>
[2019-10-17 01:24:14,511] {base_task_runner.py:115} INFO - Job 6: Subtask Done     from airflow.hooks.S3_hook import S3Hook
[2019-10-17 01:24:14,511] {base_task_runner.py:115} INFO - Job 6: Subtask Done   File "/usr/local/lib/python3.7/site-packages/airflow/hooks/S3_hook.py", line 19, in <module>
[2019-10-17 01:24:14,512] {base_task_runner.py:115} INFO - Job 6: Subtask Done     from botocore.exceptions import ClientError
[2019-10-17 01:24:14,512] {base_task_runner.py:115} INFO - Job 6: Subtask Done ModuleNotFoundError: No module named 'botocore'
[2019-10-17 01:24:14,512] {base_task_runner.py:115} INFO - Job 6: Subtask Done [2019-10-17 01:24:14,505] {plugins_manager.py:149} ERROR - Failed to import plugin /usr/local/airflow/plugins/custom_operator.py
[2019-10-17 01:24:14,528] {base_task_runner.py:115} INFO - Job 6: Subtask Done [2019-10-17 01:24:14,528] {__init__.py:51} INFO - Using executor SequentialExecutor
[2019-10-17 01:24:14,967] {base_task_runner.py:115} INFO - Job 6: Subtask Done [2019-10-17 01:24:14,966] {dagbag.py:90} INFO - Filling up the DagBag from /usr/local/airflow/dags/cluster_dag.py
[2019-10-17 01:24:15,033] {base_task_runner.py:115} INFO - Job 6: Subtask Done [2019-10-17 01:24:15,032] {cli.py:516} INFO - Running <TaskInstance: dag_cluster.Done 2018-01-01T00:00:00+00:00 [running]> on host 614b7d808020
[2019-10-17 01:24:18,416] {logging_mixin.py:95} INFO - [[34m2019-10-17 01:24:18,415[0m] {[34mlocal_task_job.py:[0m105} INFO[0m - Task exited with return code 0[0m
