[2019-10-17 01:24:29,749] {taskinstance.py:616} INFO - Dependencies all met for <TaskInstance: dag_cluster.Done 2019-10-17T01:23:37.860579+00:00 [queued]>
[2019-10-17 01:24:29,794] {taskinstance.py:616} INFO - Dependencies all met for <TaskInstance: dag_cluster.Done 2019-10-17T01:23:37.860579+00:00 [queued]>
[2019-10-17 01:24:29,795] {taskinstance.py:834} INFO - 
--------------------------------------------------------------------------------
[2019-10-17 01:24:29,795] {taskinstance.py:835} INFO - Starting attempt 1 of 1
[2019-10-17 01:24:29,796] {taskinstance.py:836} INFO - 
--------------------------------------------------------------------------------
[2019-10-17 01:24:29,851] {taskinstance.py:855} INFO - Executing <Task(DummyOperator): Done> on 2019-10-17T01:23:37.860579+00:00
[2019-10-17 01:24:29,853] {base_task_runner.py:133} INFO - Running: ['airflow', 'run', 'dag_cluster', 'Done', '2019-10-17T01:23:37.860579+00:00', '--job_id', '8', '--pool', 'default_pool', '--raw', '-sd', 'DAGS_FOLDER/cluster_dag.py', '--cfg_path', '/tmp/tmpg8xpx5bq']
[2019-10-17 01:24:31,576] {base_task_runner.py:115} INFO - Job 8: Subtask Done [2019-10-17 01:24:31,571] {plugins_manager.py:148} ERROR - No module named 'operators'
[2019-10-17 01:24:31,577] {base_task_runner.py:115} INFO - Job 8: Subtask Done Traceback (most recent call last):
[2019-10-17 01:24:31,579] {base_task_runner.py:115} INFO - Job 8: Subtask Done   File "/usr/local/lib/python3.7/site-packages/airflow/plugins_manager.py", line 142, in <module>
[2019-10-17 01:24:31,579] {base_task_runner.py:115} INFO - Job 8: Subtask Done     m = imp.load_source(namespace, filepath)
[2019-10-17 01:24:31,580] {base_task_runner.py:115} INFO - Job 8: Subtask Done   File "/usr/local/lib/python3.7/imp.py", line 171, in load_source
[2019-10-17 01:24:31,581] {base_task_runner.py:115} INFO - Job 8: Subtask Done     module = _load(spec)
[2019-10-17 01:24:31,582] {base_task_runner.py:115} INFO - Job 8: Subtask Done   File "<frozen importlib._bootstrap>", line 696, in _load
[2019-10-17 01:24:31,583] {base_task_runner.py:115} INFO - Job 8: Subtask Done   File "<frozen importlib._bootstrap>", line 677, in _load_unlocked
[2019-10-17 01:24:31,583] {base_task_runner.py:115} INFO - Job 8: Subtask Done   File "<frozen importlib._bootstrap_external>", line 728, in exec_module
[2019-10-17 01:24:31,584] {base_task_runner.py:115} INFO - Job 8: Subtask Done   File "<frozen importlib._bootstrap>", line 219, in _call_with_frames_removed
[2019-10-17 01:24:31,584] {base_task_runner.py:115} INFO - Job 8: Subtask Done   File "/usr/local/airflow/plugins/__init__.py", line 3, in <module>
[2019-10-17 01:24:31,585] {base_task_runner.py:115} INFO - Job 8: Subtask Done     import operators
[2019-10-17 01:24:31,585] {base_task_runner.py:115} INFO - Job 8: Subtask Done ModuleNotFoundError: No module named 'operators'
[2019-10-17 01:24:31,586] {base_task_runner.py:115} INFO - Job 8: Subtask Done [2019-10-17 01:24:31,576] {plugins_manager.py:149} ERROR - Failed to import plugin /usr/local/airflow/plugins/__init__.py
[2019-10-17 01:24:31,629] {base_task_runner.py:115} INFO - Job 8: Subtask Done [2019-10-17 01:24:31,620] {plugins_manager.py:148} ERROR - No module named 'botocore'
[2019-10-17 01:24:31,630] {base_task_runner.py:115} INFO - Job 8: Subtask Done Traceback (most recent call last):
[2019-10-17 01:24:31,631] {base_task_runner.py:115} INFO - Job 8: Subtask Done   File "/usr/local/lib/python3.7/site-packages/airflow/plugins_manager.py", line 142, in <module>
[2019-10-17 01:24:31,631] {base_task_runner.py:115} INFO - Job 8: Subtask Done     m = imp.load_source(namespace, filepath)
[2019-10-17 01:24:31,632] {base_task_runner.py:115} INFO - Job 8: Subtask Done   File "/usr/local/lib/python3.7/imp.py", line 171, in load_source
[2019-10-17 01:24:31,633] {base_task_runner.py:115} INFO - Job 8: Subtask Done     module = _load(spec)
[2019-10-17 01:24:31,634] {base_task_runner.py:115} INFO - Job 8: Subtask Done   File "<frozen importlib._bootstrap>", line 696, in _load
[2019-10-17 01:24:31,634] {base_task_runner.py:115} INFO - Job 8: Subtask Done   File "<frozen importlib._bootstrap>", line 677, in _load_unlocked
[2019-10-17 01:24:31,635] {base_task_runner.py:115} INFO - Job 8: Subtask Done   File "<frozen importlib._bootstrap_external>", line 728, in exec_module
[2019-10-17 01:24:31,636] {base_task_runner.py:115} INFO - Job 8: Subtask Done   File "<frozen importlib._bootstrap>", line 219, in _call_with_frames_removed
[2019-10-17 01:24:31,636] {base_task_runner.py:115} INFO - Job 8: Subtask Done   File "/usr/local/airflow/plugins/custom_operator.py", line 8, in <module>
[2019-10-17 01:24:31,637] {base_task_runner.py:115} INFO - Job 8: Subtask Done     from airflow.hooks.S3_hook import S3Hook
[2019-10-17 01:24:31,638] {base_task_runner.py:115} INFO - Job 8: Subtask Done   File "/usr/local/lib/python3.7/site-packages/airflow/hooks/S3_hook.py", line 19, in <module>
[2019-10-17 01:24:31,638] {base_task_runner.py:115} INFO - Job 8: Subtask Done     from botocore.exceptions import ClientError
[2019-10-17 01:24:31,639] {base_task_runner.py:115} INFO - Job 8: Subtask Done ModuleNotFoundError: No module named 'botocore'
[2019-10-17 01:24:31,640] {base_task_runner.py:115} INFO - Job 8: Subtask Done [2019-10-17 01:24:31,629] {plugins_manager.py:149} ERROR - Failed to import plugin /usr/local/airflow/plugins/custom_operator.py
[2019-10-17 01:24:31,669] {base_task_runner.py:115} INFO - Job 8: Subtask Done [2019-10-17 01:24:31,669] {__init__.py:51} INFO - Using executor SequentialExecutor
[2019-10-17 01:24:32,067] {base_task_runner.py:115} INFO - Job 8: Subtask Done [2019-10-17 01:24:32,066] {dagbag.py:90} INFO - Filling up the DagBag from /usr/local/airflow/dags/cluster_dag.py
[2019-10-17 01:24:32,141] {base_task_runner.py:115} INFO - Job 8: Subtask Done [2019-10-17 01:24:32,140] {cli.py:516} INFO - Running <TaskInstance: dag_cluster.Done 2019-10-17T01:23:37.860579+00:00 [running]> on host 614b7d808020
[2019-10-17 01:24:34,727] {logging_mixin.py:95} INFO - [[34m2019-10-17 01:24:34,725[0m] {[34mlocal_task_job.py:[0m105} INFO[0m - Task exited with return code 0[0m
