[2019-10-17 01:07:16,172] {dag_processing.py:804} INFO - Processing files using up to 1 processes at a time 
[2019-10-17 01:07:16,174] {dag_processing.py:805} INFO - Process each file at most once every 0 seconds
[2019-10-17 01:07:16,176] {dag_processing.py:807} INFO - Checking for new files in /usr/local/airflow/dags every 300 seconds
[2019-10-17 01:07:16,498] {dag_processing.py:1004} INFO - 
================================================================================
DAG File Processing Stats

File Path                               PID    Runtime    Last Runtime    Last Run
--------------------------------------  -----  ---------  --------------  -------------------
/usr/local/airflow/dags/cluster_dag.py                    0.32s           2019-10-17T01:07:16
================================================================================
[2019-10-17 01:07:48,279] {dag_processing.py:1004} INFO - 
================================================================================
DAG File Processing Stats

File Path                               PID    Runtime    Last Runtime    Last Run
--------------------------------------  -----  ---------  --------------  -------------------
/usr/local/airflow/dags/cluster_dag.py                    0.11s           2019-10-17T01:07:48
================================================================================
[2019-10-17 01:08:18,392] {dag_processing.py:1004} INFO - 
================================================================================
DAG File Processing Stats

File Path                               PID    Runtime    Last Runtime    Last Run
--------------------------------------  -----  ---------  --------------  -------------------
/usr/local/airflow/dags/cluster_dag.py                    0.11s           2019-10-17T01:08:18
================================================================================
[2019-10-17 01:08:48,815] {dag_processing.py:1004} INFO - 
================================================================================
DAG File Processing Stats

File Path                               PID    Runtime    Last Runtime    Last Run
--------------------------------------  -----  ---------  --------------  -------------------
/usr/local/airflow/dags/cluster_dag.py                    0.11s           2019-10-17T01:08:48
================================================================================
[2019-10-17 01:09:19,017] {dag_processing.py:1004} INFO - 
================================================================================
DAG File Processing Stats

File Path                               PID    Runtime    Last Runtime    Last Run
--------------------------------------  -----  ---------  --------------  -------------------
/usr/local/airflow/dags/cluster_dag.py                    0.22s           2019-10-17T01:09:19
================================================================================
[2019-10-17 01:09:50,949] {dag_processing.py:1004} INFO - 
================================================================================
DAG File Processing Stats

File Path                               PID    Runtime    Last Runtime    Last Run
--------------------------------------  -----  ---------  --------------  -------------------
/usr/local/airflow/dags/cluster_dag.py                    0.11s           2019-10-17T01:09:50
================================================================================
[2019-10-17 01:10:21,106] {dag_processing.py:1004} INFO - 
================================================================================
DAG File Processing Stats

File Path                               PID    Runtime    Last Runtime    Last Run
--------------------------------------  -----  ---------  --------------  -------------------
/usr/local/airflow/dags/cluster_dag.py                    0.21s           2019-10-17T01:10:21
================================================================================
[2019-10-17 01:10:51,158] {dag_processing.py:1004} INFO - 
================================================================================
DAG File Processing Stats

File Path                               PID    Runtime    Last Runtime    Last Run
--------------------------------------  -----  ---------  --------------  -------------------
/usr/local/airflow/dags/cluster_dag.py                    0.21s           2019-10-17T01:10:51
================================================================================
[2019-10-17 01:11:21,493] {dag_processing.py:1004} INFO - 
================================================================================
DAG File Processing Stats

File Path                               PID    Runtime    Last Runtime    Last Run
--------------------------------------  -----  ---------  --------------  -------------------
/usr/local/airflow/dags/cluster_dag.py                    0.21s           2019-10-17T01:11:21
================================================================================
[2019-10-17 01:11:53,571] {dag_processing.py:1004} INFO - 
================================================================================
DAG File Processing Stats

File Path                               PID    Runtime    Last Runtime    Last Run
--------------------------------------  -----  ---------  --------------  -------------------
/usr/local/airflow/dags/cluster_dag.py                    0.21s           2019-10-17T01:11:53
================================================================================
[2019-10-17 01:12:17,407] {dag_processing.py:892} INFO - Searching for files in /usr/local/airflow/dags
[2019-10-17 01:12:17,562] {dag_processing.py:895} INFO - There are 1 files in /usr/local/airflow/dags
[2019-10-17 01:12:25,535] {dag_processing.py:1004} INFO - 
================================================================================
DAG File Processing Stats

File Path                               PID    Runtime    Last Runtime    Last Run
--------------------------------------  -----  ---------  --------------  -------------------
/usr/local/airflow/dags/cluster_dag.py                    0.11s           2019-10-17T01:12:25
================================================================================
[2019-10-17 01:12:55,710] {dag_processing.py:1004} INFO - 
================================================================================
DAG File Processing Stats

File Path                               PID    Runtime    Last Runtime    Last Run
--------------------------------------  -----  ---------  --------------  -------------------
/usr/local/airflow/dags/cluster_dag.py                    0.10s           2019-10-17T01:12:55
================================================================================
[2019-10-17 01:13:25,871] {dag_processing.py:1004} INFO - 
================================================================================
DAG File Processing Stats

File Path                               PID    Runtime    Last Runtime    Last Run
--------------------------------------  -----  ---------  --------------  -------------------
/usr/local/airflow/dags/cluster_dag.py                    0.21s           2019-10-17T01:13:25
================================================================================
[2019-10-17 01:13:56,159] {dag_processing.py:1004} INFO - 
================================================================================
DAG File Processing Stats

File Path                               PID    Runtime    Last Runtime    Last Run
--------------------------------------  -----  ---------  --------------  -------------------
/usr/local/airflow/dags/cluster_dag.py                    0.42s           2019-10-17T01:13:56
================================================================================
[2019-10-17 01:14:26,195] {dag_processing.py:1004} INFO - 
================================================================================
DAG File Processing Stats

File Path                               PID    Runtime    Last Runtime    Last Run
--------------------------------------  -----  ---------  --------------  -------------------
/usr/local/airflow/dags/cluster_dag.py                    0.11s           2019-10-17T01:14:26
================================================================================
[2019-10-17 01:14:56,262] {dag_processing.py:1004} INFO - 
================================================================================
DAG File Processing Stats

File Path                               PID    Runtime    Last Runtime    Last Run
--------------------------------------  -----  ---------  --------------  -------------------
/usr/local/airflow/dags/cluster_dag.py                    0.11s           2019-10-17T01:14:56
================================================================================
[2019-10-17 01:15:26,414] {dag_processing.py:1004} INFO - 
================================================================================
DAG File Processing Stats

File Path                               PID    Runtime    Last Runtime    Last Run
--------------------------------------  -----  ---------  --------------  -------------------
/usr/local/airflow/dags/cluster_dag.py                    0.21s           2019-10-17T01:15:26
================================================================================
[2019-10-17 01:15:58,379] {dag_processing.py:1004} INFO - 
================================================================================
DAG File Processing Stats

File Path                               PID    Runtime    Last Runtime    Last Run
--------------------------------------  -----  ---------  --------------  -------------------
/usr/local/airflow/dags/cluster_dag.py                    0.11s           2019-10-17T01:15:58
================================================================================
[2019-10-17 01:16:28,977] {dag_processing.py:1004} INFO - 
================================================================================
DAG File Processing Stats

File Path                               PID    Runtime    Last Runtime    Last Run
--------------------------------------  -----  ---------  --------------  -------------------
/usr/local/airflow/dags/cluster_dag.py                    0.24s           2019-10-17T01:16:28
================================================================================
[2019-10-17 01:16:59,009] {dag_processing.py:1004} INFO - 
================================================================================
DAG File Processing Stats

File Path                               PID    Runtime    Last Runtime    Last Run
--------------------------------------  -----  ---------  --------------  -------------------
/usr/local/airflow/dags/cluster_dag.py                    0.21s           2019-10-17T01:16:59
================================================================================
[2019-10-17 01:17:18,844] {dag_processing.py:892} INFO - Searching for files in /usr/local/airflow/dags
[2019-10-17 01:17:19,085] {dag_processing.py:895} INFO - There are 1 files in /usr/local/airflow/dags
[2019-10-17 01:17:31,088] {dag_processing.py:1004} INFO - 
================================================================================
DAG File Processing Stats

File Path                               PID    Runtime    Last Runtime    Last Run
--------------------------------------  -----  ---------  --------------  -------------------
/usr/local/airflow/dags/cluster_dag.py                    0.21s           2019-10-17T01:17:31
================================================================================
[2019-10-17 01:18:01,156] {dag_processing.py:1004} INFO - 
================================================================================
DAG File Processing Stats

File Path                               PID    Runtime    Last Runtime    Last Run
--------------------------------------  -----  ---------  --------------  -------------------
/usr/local/airflow/dags/cluster_dag.py                    0.21s           2019-10-17T01:18:01
================================================================================
[2019-10-17 01:18:31,241] {dag_processing.py:1004} INFO - 
================================================================================
DAG File Processing Stats

File Path                               PID    Runtime    Last Runtime    Last Run
--------------------------------------  -----  ---------  --------------  -------------------
/usr/local/airflow/dags/cluster_dag.py                    0.21s           2019-10-17T01:18:31
================================================================================
[2019-10-17 01:19:01,306] {dag_processing.py:1004} INFO - 
================================================================================
DAG File Processing Stats

File Path                               PID    Runtime    Last Runtime    Last Run
--------------------------------------  -----  ---------  --------------  -------------------
/usr/local/airflow/dags/cluster_dag.py                    0.21s           2019-10-17T01:19:01
================================================================================
[2019-10-17 01:19:31,580] {dag_processing.py:1004} INFO - 
================================================================================
DAG File Processing Stats

File Path                               PID    Runtime    Last Runtime    Last Run
--------------------------------------  -----  ---------  --------------  -------------------
/usr/local/airflow/dags/cluster_dag.py                    0.41s           2019-10-17T01:19:31
================================================================================
[2019-10-17 01:20:03,430] {dag_processing.py:1004} INFO - 
================================================================================
DAG File Processing Stats

File Path                               PID    Runtime    Last Runtime    Last Run
--------------------------------------  -----  ---------  --------------  -------------------
/usr/local/airflow/dags/cluster_dag.py                    0.21s           2019-10-17T01:20:03
================================================================================
[2019-10-17 01:20:33,497] {dag_processing.py:1004} INFO - 
================================================================================
DAG File Processing Stats

File Path                               PID    Runtime    Last Runtime    Last Run
--------------------------------------  -----  ---------  --------------  -------------------
/usr/local/airflow/dags/cluster_dag.py                    0.22s           2019-10-17T01:20:33
================================================================================
[2019-10-17 01:21:05,439] {dag_processing.py:1004} INFO - 
================================================================================
DAG File Processing Stats

File Path                               PID    Runtime    Last Runtime    Last Run
--------------------------------------  -----  ---------  --------------  -------------------
/usr/local/airflow/dags/cluster_dag.py                    0.10s           2019-10-17T01:21:05
================================================================================
[2019-10-17 01:21:35,707] {dag_processing.py:1004} INFO - 
================================================================================
DAG File Processing Stats

File Path                               PID    Runtime    Last Runtime    Last Run
--------------------------------------  -----  ---------  --------------  -------------------
/usr/local/airflow/dags/cluster_dag.py                    0.32s           2019-10-17T01:21:35
================================================================================
[2019-10-17 01:22:07,684] {dag_processing.py:1004} INFO - 
================================================================================
DAG File Processing Stats

File Path                               PID    Runtime    Last Runtime    Last Run
--------------------------------------  -----  ---------  --------------  -------------------
/usr/local/airflow/dags/cluster_dag.py                    0.21s           2019-10-17T01:22:07
================================================================================
[2019-10-17 01:22:19,486] {dag_processing.py:892} INFO - Searching for files in /usr/local/airflow/dags
[2019-10-17 01:22:19,682] {dag_processing.py:895} INFO - There are 1 files in /usr/local/airflow/dags
[2019-10-17 01:22:37,753] {dag_processing.py:1004} INFO - 
================================================================================
DAG File Processing Stats

File Path                               PID    Runtime    Last Runtime    Last Run
--------------------------------------  -----  ---------  --------------  -------------------
/usr/local/airflow/dags/cluster_dag.py                    0.21s           2019-10-17T01:22:37
================================================================================
[2019-10-17 01:23:07,973] {dag_processing.py:1004} INFO - 
================================================================================
DAG File Processing Stats

File Path                               PID    Runtime    Last Runtime    Last Run
--------------------------------------  -----  ---------  --------------  -------------------
/usr/local/airflow/dags/cluster_dag.py                    0.31s           2019-10-17T01:23:07
================================================================================
[2019-10-17 01:23:38,946] {dag_processing.py:1004} INFO - 
================================================================================
DAG File Processing Stats

File Path                               PID    Runtime    Last Runtime    Last Run
--------------------------------------  -----  ---------  --------------  -------------------
/usr/local/airflow/dags/cluster_dag.py                    1.23s           2019-10-17T01:23:38
================================================================================
[2019-10-17 01:24:20,735] {dag_processing.py:1004} INFO - 
================================================================================
DAG File Processing Stats

File Path                               PID    Runtime    Last Runtime    Last Run
--------------------------------------  -----  ---------  --------------  -------------------
/usr/local/airflow/dags/cluster_dag.py                    0.82s           2019-10-17T01:24:20
================================================================================
[2019-10-17 01:24:51,795] {dag_processing.py:1004} INFO - 
================================================================================
DAG File Processing Stats

File Path                               PID    Runtime    Last Runtime    Last Run
--------------------------------------  -----  ---------  --------------  -------------------
/usr/local/airflow/dags/cluster_dag.py                    0.51s           2019-10-17T01:24:51
================================================================================
[2019-10-17 01:25:22,304] {dag_processing.py:1004} INFO - 
================================================================================
DAG File Processing Stats

File Path                               PID    Runtime    Last Runtime    Last Run
--------------------------------------  -----  ---------  --------------  -------------------
/usr/local/airflow/dags/cluster_dag.py                    0.95s           2019-10-17T01:25:22
================================================================================
[2019-10-17 01:25:53,843] {dag_processing.py:1004} INFO - 
================================================================================
DAG File Processing Stats

File Path                               PID    Runtime    Last Runtime    Last Run
--------------------------------------  -----  ---------  --------------  -------------------
/usr/local/airflow/dags/cluster_dag.py                    0.31s           2019-10-17T01:25:53
================================================================================
[2019-10-17 01:26:24,000] {dag_processing.py:1004} INFO - 
================================================================================
DAG File Processing Stats

File Path                               PID    Runtime    Last Runtime    Last Run
--------------------------------------  -----  ---------  --------------  -------------------
/usr/local/airflow/dags/cluster_dag.py                    0.41s           2019-10-17T01:26:23
================================================================================
[2019-10-17 01:26:56,051] {dag_processing.py:1004} INFO - 
================================================================================
DAG File Processing Stats

File Path                               PID    Runtime    Last Runtime    Last Run
--------------------------------------  -----  ---------  --------------  -------------------
/usr/local/airflow/dags/cluster_dag.py                    0.41s           2019-10-17T01:26:56
================================================================================
[2019-10-17 01:27:19,682] {dag_processing.py:892} INFO - Searching for files in /usr/local/airflow/dags
[2019-10-17 01:27:19,833] {dag_processing.py:895} INFO - There are 1 files in /usr/local/airflow/dags
[2019-10-17 01:27:26,110] {dag_processing.py:1004} INFO - 
================================================================================
DAG File Processing Stats

File Path                               PID    Runtime    Last Runtime    Last Run
--------------------------------------  -----  ---------  --------------  -------------------
/usr/local/airflow/dags/cluster_dag.py                    0.41s           2019-10-17T01:27:26
================================================================================
[2019-10-17 01:27:56,949] {dag_processing.py:1004} INFO - 
================================================================================
DAG File Processing Stats

File Path                               PID    Runtime    Last Runtime    Last Run
--------------------------------------  -----  ---------  --------------  -------------------
/usr/local/airflow/dags/cluster_dag.py                    1.19s           2019-10-17T01:27:56
================================================================================
[2019-10-17 01:28:28,184] {dag_processing.py:1004} INFO - 
================================================================================
DAG File Processing Stats

File Path                               PID    Runtime    Last Runtime    Last Run
--------------------------------------  -----  ---------  --------------  -------------------
/usr/local/airflow/dags/cluster_dag.py                    0.31s           2019-10-17T01:28:28
================================================================================
[2019-10-17 01:28:59,248] {dag_processing.py:1004} INFO - 
================================================================================
DAG File Processing Stats

File Path                               PID    Runtime    Last Runtime    Last Run
--------------------------------------  -----  ---------  --------------  -------------------
/usr/local/airflow/dags/cluster_dag.py                    1.26s           2019-10-17T01:28:59
================================================================================
[2019-10-17 01:29:30,427] {dag_processing.py:1004} INFO - 
================================================================================
DAG File Processing Stats

File Path                               PID    Runtime    Last Runtime    Last Run
--------------------------------------  -----  ---------  --------------  -------------------
/usr/local/airflow/dags/cluster_dag.py                    0.31s           2019-10-17T01:29:30
================================================================================
[2019-10-17 01:30:00,497] {dag_processing.py:1004} INFO - 
================================================================================
DAG File Processing Stats

File Path                               PID    Runtime    Last Runtime    Last Run
--------------------------------------  -----  ---------  --------------  -------------------
/usr/local/airflow/dags/cluster_dag.py                    0.31s           2019-10-17T01:30:00
================================================================================
[2019-10-17 01:30:30,581] {dag_processing.py:1004} INFO - 
================================================================================
DAG File Processing Stats

File Path                               PID    Runtime    Last Runtime    Last Run
--------------------------------------  -----  ---------  --------------  -------------------
/usr/local/airflow/dags/cluster_dag.py                    0.31s           2019-10-17T01:30:30
================================================================================
[2019-10-17 01:31:00,644] {dag_processing.py:1004} INFO - 
================================================================================
DAG File Processing Stats

File Path                               PID    Runtime    Last Runtime    Last Run
--------------------------------------  -----  ---------  --------------  -------------------
/usr/local/airflow/dags/cluster_dag.py                    0.31s           2019-10-17T01:31:00
================================================================================
[2019-10-17 01:31:30,805] {dag_processing.py:1004} INFO - 
================================================================================
DAG File Processing Stats

File Path                               PID    Runtime    Last Runtime    Last Run
--------------------------------------  -----  ---------  --------------  -------------------
/usr/local/airflow/dags/cluster_dag.py                    0.41s           2019-10-17T01:31:30
================================================================================
[2019-10-17 01:32:00,974] {dag_processing.py:1004} INFO - 
================================================================================
DAG File Processing Stats

File Path                               PID    Runtime    Last Runtime    Last Run
--------------------------------------  -----  ---------  --------------  -------------------
/usr/local/airflow/dags/cluster_dag.py                    0.52s           2019-10-17T01:32:00
================================================================================
[2019-10-17 01:32:20,489] {dag_processing.py:892} INFO - Searching for files in /usr/local/airflow/dags
[2019-10-17 01:32:20,830] {dag_processing.py:895} INFO - There are 1 files in /usr/local/airflow/dags
[2019-10-17 01:32:33,037] {dag_processing.py:1004} INFO - 
================================================================================
DAG File Processing Stats

File Path                               PID    Runtime    Last Runtime    Last Run
--------------------------------------  -----  ---------  --------------  -------------------
/usr/local/airflow/dags/cluster_dag.py                    0.51s           2019-10-17T01:32:33
================================================================================
[2019-10-17 01:33:03,087] {dag_processing.py:1004} INFO - 
================================================================================
DAG File Processing Stats

File Path                               PID    Runtime    Last Runtime    Last Run
--------------------------------------  -----  ---------  --------------  -------------------
/usr/local/airflow/dags/cluster_dag.py                    0.51s           2019-10-17T01:33:03
================================================================================
[2019-10-17 01:33:33,141] {dag_processing.py:1004} INFO - 
================================================================================
DAG File Processing Stats

File Path                               PID    Runtime    Last Runtime    Last Run
--------------------------------------  -----  ---------  --------------  -------------------
/usr/local/airflow/dags/cluster_dag.py                    0.51s           2019-10-17T01:33:33
================================================================================
[2019-10-17 01:34:04,991] {dag_processing.py:1004} INFO - 
================================================================================
DAG File Processing Stats

File Path                               PID    Runtime    Last Runtime    Last Run
--------------------------------------  -----  ---------  --------------  -------------------
/usr/local/airflow/dags/cluster_dag.py                    0.31s           2019-10-17T01:34:04
================================================================================
